2019-07-05 15:32:14,154 - root - INFO - log : 50 - aa
2019-07-05 15:32:21,643 - root - INFO - log : 50 - aa
2019-07-05 15:32:22,707 - root - INFO - log : 50 - aa
2019-07-05 15:32:23,287 - root - INFO - log : 50 - aa
2019-07-05 15:32:23,894 - root - INFO - log : 50 - aa
2019-07-05 15:32:24,457 - root - INFO - log : 50 - aa
2019-07-05 15:32:25,033 - root - INFO - log : 50 - aa
2019-07-05 15:32:25,566 - root - INFO - log : 50 - aa
2019-07-05 15:32:36,580 - root - INFO - log : 50 - aa
2019-07-05 15:33:27,942 - log.py - INFO - log : 50 - aa
2019-07-05 15:33:46,603 - INFO - log.py - log : 50 - aa
2019-07-05 15:34:21,857-INFO - log.py - log : 50 - aa
2019-07-05 15:34:39,966 - INFO - log.py: 50 - aa
2019-07-05 15:35:09,330 - INFO - log.py: 50 - aa
2019-07-05 15:35:34,296 - INFO - log.py: 50 - aa
2019-07-05 15:35:42,122 - INFO - log.py: 50 - aa
2019-07-05 15:37:57,563 - INFO - log.py: 50 - aa
[ INFO] 2019-07-05 15:38:28,458 - log.py: 50 - aa
[INFO] 2019-07-05 15:38:33,707 - log.py: 50 - aa
[ INFO] 2019-07-05 15:38:41,883 - log.py: 50 - aa
[INFO] 2019-07-05 15:39:05,465 - log.py: 50 - aa
[INFO] 2019-07-05 15:39:17,219 - log.py:50 - aa
[INFO] 2019-07-05 15:39:34,146 - log.py:50 - haha
